<?xml version="1.0" encoding="UTF-8"?>
<testng-results ignored="0" total="1" passed="1" failed="0" skipped="0">
  <reporter-output>
  </reporter-output>
  <suite started-at="2023-05-02T15:14:49 IST" name="Default suite" finished-at="2023-05-02T15:14:58 IST" duration-ms="8537">
    <groups>
    </groups>
    <test started-at="2023-05-02T15:14:49 IST" name="Default test" finished-at="2023-05-02T15:14:58 IST" duration-ms="8537">
      <class name="day9.task4">
        <test-method is-config="true" signature="setup()[pri:0, instance:day9.task4@6e6f2380]" started-at="2023-05-02T15:14:18 IST" name="setup" finished-at="2023-05-02T15:14:49 IST" duration-ms="30777" status="PASS">
          <reporter-output>
          </reporter-output>
        </test-method> <!-- setup -->
        <test-method signature="openURL()[pri:0, instance:day9.task4@6e6f2380]" started-at="2023-05-02T15:14:49 IST" name="openURL" finished-at="2023-05-02T15:14:58 IST" duration-ms="8419" status="PASS">
          <reporter-output>
          </reporter-output>
        </test-method> <!-- openURL -->
        <test-method is-config="true" signature="teardown()[pri:0, instance:day9.task4@6e6f2380]" started-at="2023-05-02T15:14:58 IST" name="teardown" finished-at="2023-05-02T15:14:58 IST" duration-ms="223" status="PASS">
          <reporter-output>
          </reporter-output>
        </test-method> <!-- teardown -->
      </class> <!-- day9.task4 -->
    </test> <!-- Default test -->
  </suite> <!-- Default suite -->
</testng-results>
